2025-05-06 19:29:01,681 - INFO - Starting Strava Kudos Bot...
2025-05-06 19:29:03,857 - INFO - Found 2 activities since 2025-05-06T07:29:03.136079 UTC
2025-05-06 19:29:04,402 - INFO - Found activity: Relentless (14391450367)
2025-05-06 19:29:04,900 - INFO - Found activity: all about breathwork (14392339847)
2025-05-06 19:29:05,405 - INFO - Bot finished processing activities
2025-05-06 19:34:29,335 - INFO - Starting Strava Kudos Bot...
2025-05-06 19:34:31,149 - INFO - Found 2 activities since 2025-05-06T07:34:30.148116 UTC
2025-05-06 19:34:31,150 - INFO - Found activity: Relentless (14391450367)
2025-05-06 19:34:31,707 - INFO - Found activity: all about breathwork (14392339847)
2025-05-06 19:34:32,278 - INFO - Bot finished processing activities
2025-05-07 11:45:30,469 - INFO - Starting Strava Kudos Bot...
2025-05-07 11:45:32,091 - INFO - Found 1 activities since 2025-05-06T23:45:31.307986 UTC
2025-05-07 11:45:32,091 - INFO - Found activity: Back home to late night chillz (14398933747)
2025-05-07 11:45:32,770 - INFO - Bot finished processing activities
2025-05-07 11:46:13,390 - INFO - Starting Strava Kudos Bot...
2025-05-07 11:46:14,994 - INFO - Found 1 activities since 2025-05-06T23:46:14.280364 UTC
2025-05-07 11:46:14,995 - INFO - Found activity: Back home to late night chillz (14398933747)
2025-05-07 11:46:15,517 - INFO - Bot finished processing activities
2025-05-07 11:54:05,924 - INFO - Starting Strava Kudos Bot...
2025-05-07 11:54:07,148 - INFO - 🌟 Your future self will thank you for starting today!
2025-05-07 11:54:28,130 - INFO - Starting Strava Kudos Bot...
2025-05-07 11:54:29,364 - INFO - 🎯 Every step counts towards your goals!
2025-05-07 11:54:50,336 - INFO - Starting Strava Kudos Bot...
2025-05-07 11:54:51,851 - INFO - Found 2 activities since 2025-05-06T11:54:50.943136 UTC
2025-05-07 11:54:51,852 - INFO - Found activity: Joined the gang (14396529995)
2025-05-07 11:54:52,356 - INFO - Found activity: Back home to late night chillz (14398933747)
2025-05-07 11:54:52,879 - INFO - Bot finished processing activities
2025-05-07 11:56:33,713 - INFO - Starting Strava Kudos Bot...
2025-05-07 11:56:35,113 - INFO - Found 2 activities since 2025-05-06T11:56:34.316583 UTC
2025-05-07 11:56:35,114 - INFO - Found activity: Joined the gang (14396529995)
2025-05-07 11:56:35,614 - INFO - Found activity: Back home to late night chillz (14398933747)
2025-05-07 11:56:36,111 - INFO - Bot finished processing activities
2025-05-07 12:04:06,544 - INFO - Starting Strava Kudos Bot...
2025-05-07 12:04:08,097 - INFO - Found 2 activities since 2025-05-06T12:04:07.186809 UTC
2025-05-07 12:04:08,098 - INFO - Found activity: Joined the gang (14396529995)
2025-05-07 12:04:08,662 - INFO - Found activity: Back home to late night chillz (14398933747)
2025-05-07 12:04:09,209 - INFO - Bot finished processing activities
2025-05-07 12:05:43,379 - INFO - Starting Strava Kudos Bot...
2025-05-07 12:05:45,016 - INFO - Found 2 activities since 2025-05-06T12:05:44.168453 UTC
2025-05-07 12:05:45,017 - INFO - Found activity: Joined the gang (14396529995)
2025-05-07 12:05:45,630 - INFO - Found activity: Back home to late night chillz (14398933747)
2025-05-07 12:05:46,234 - INFO - Bot finished processing activities
2025-05-07 12:09:07,903 - INFO - Starting Strava Kudos Bot...
2025-05-07 12:09:09,254 - INFO - Found 2 activities since 2025-05-06T12:09:08.504130 UTC
2025-05-07 12:09:09,970 - INFO - Found activity: Joined the gang (14396529995)
2025-05-07 12:09:10,492 - INFO - Found activity: Back home to late night chillz (14398933747)
2025-05-07 12:09:11,148 - INFO - Bot finished processing activities
2025-05-07 12:11:31,979 - INFO - Starting Strava Kudos Bot...
2025-05-07 12:11:33,858 - INFO - Found 2 activities since 2025-05-06T12:11:32.979706 UTC
2025-05-07 12:11:34,575 - INFO - Found activity: Joined the gang (14396529995)
2025-05-07 12:11:35,239 - INFO - Found activity: Back home to late night chillz (14398933747)
2025-05-07 12:11:35,781 - INFO - Bot finished processing activities
2025-05-07 12:12:31,043 - INFO - Starting Strava Kudos Bot...
2025-05-07 12:12:32,797 - INFO - Found 2 activities since 2025-05-06T12:12:31.998565 UTC
2025-05-07 12:12:33,887 - INFO - Found activity: Joined the gang (14396529995)
2025-05-07 12:12:34,627 - INFO - Found activity: Back home to late night chillz (14398933747)
2025-05-07 12:12:35,182 - INFO - Bot finished processing activities
2025-05-07 12:15:51,200 - INFO - Starting Strava Kudos Bot...
2025-05-07 12:15:52,664 - INFO - Found 2 activities since 2025-05-06T12:15:51.870015 UTC
2025-05-07 12:15:53,495 - INFO - Found activity: Joined the gang (14396529995)
2025-05-07 12:15:54,037 - INFO - Found activity: Back home to late night chillz (14398933747)
2025-05-07 12:15:54,568 - INFO - Bot finished processing activities
2025-05-07 12:16:18,132 - INFO - Starting Strava Kudos Bot...
2025-05-07 12:16:19,512 - INFO - 🎯 Time to level up your fitness game... your character needs XP!
